{
  "RSpec": {
    "coverage": {
      "/Users/Maria/Dropbox/homeshare/spec/controllers/chores_controller_spec.rb": [
        1,
        null,
        1,
        null,
        null,
        null,
        null,
        null,
        null,
        null,
        null,
        null,
        null,
        null,
        null,
        null,
        null,
        null,
        null,
        null,
        null,
        null,
        null,
        null,
        null,
        1,
        1,
        null,
        1,
        null,
        1,
        null,
        1,
        null,
        null,
        0,
        0,
        0,
        null,
        null,
        null
      ],
      "/Users/Maria/Dropbox/homeshare/spec/rails_helper.rb": [
        1,
        1,
        null,
        1,
        1,
        1,
        null,
        1,
        null,
        1,
        null,
        1,
        null,
        null,
        1,
        null,
        1,
        null,
        1,
        null,
        1,
        null,
        1,
        4,
        null,
        null,
        1,
        null
      ],
      "/Users/Maria/Dropbox/homeshare/app/helpers/application_helper.rb": [
        1,
        null
      ],
      "/Users/Maria/Dropbox/homeshare/app/helpers/lists_helper.rb": [
        1,
        null
      ],
      "/Users/Maria/Dropbox/homeshare/app/helpers/users_helper.rb": [
        1,
        null
      ],
      "/Users/Maria/Dropbox/homeshare/app/controllers/chores_controller.rb": [
        1,
        null,
        1,
        null,
        null,
        null,
        null,
        1,
        0,
        0,
        0,
        0,
        null,
        null,
        null,
        1,
        0,
        0,
        0,
        0,
        null,
        null,
        null,
        1,
        0,
        0,
        0,
        null,
        null,
        null,
        null,
        1,
        0,
        0,
        0,
        0,
        0,
        0,
        null,
        0,
        null,
        null,
        null,
        1,
        0,
        null,
        null,
        1,
        0,
        0,
        null,
        0,
        null,
        null,
        null,
        1,
        0,
        0,
        null,
        null,
        1,
        0,
        null,
        null,
        1,
        null,
        1,
        0,
        0,
        null,
        0,
        null,
        null,
        null,
        1,
        0,
        null,
        null,
        null
      ],
      "/Users/Maria/Dropbox/homeshare/app/controllers/application_controller.rb": [
        1,
        null,
        1,
        null,
        1,
        5,
        null,
        null,
        1,
        null,
        null,
        null,
        1,
        null,
        0,
        0,
        null,
        null,
        null
      ],
      "/Users/Maria/Dropbox/homeshare/spec/controllers/homes_controller_spec.rb": [
        1,
        null,
        1,
        1,
        null,
        null,
        1,
        1,
        1,
        null,
        1,
        1,
        null,
        1,
        1,
        1,
        null,
        null,
        null,
        null,
        1,
        1,
        1,
        null,
        1,
        1,
        1,
        null,
        1,
        1,
        null,
        null,
        null,
        null,
        1,
        1,
        1,
        null,
        1,
        null,
        1,
        1,
        1,
        null,
        1,
        1,
        null,
        null,
        null
      ],
      "/Users/Maria/Dropbox/homeshare/app/controllers/homes_controller.rb": [
        1,
        1,
        1,
        null,
        null,
        1,
        3,
        3,
        3,
        3,
        null,
        3,
        null,
        0,
        null,
        null,
        null,
        1,
        1,
        1,
        null,
        null,
        1,
        1,
        1,
        null,
        0,
        null,
        null,
        null,
        1,
        0,
        null,
        null,
        1,
        0,
        null,
        null,
        1,
        null,
        1,
        2,
        2,
        null,
        0,
        null,
        null,
        null,
        1,
        4,
        null,
        null
      ],
      "/Users/Maria/Dropbox/homeshare/spec/models/item_spec.rb": [
        1,
        null,
        1,
        1,
        null
      ],
      "/Users/Maria/Dropbox/homeshare/app/models/item.rb": [
        1,
        1,
        1,
        1,
        null,
        null
      ],
      "/Users/Maria/Dropbox/homeshare/app/models/home.rb": [
        1,
        1,
        1,
        1,
        1,
        1,
        1,
        null,
        null
      ],
      "/Users/Maria/Dropbox/homeshare/app/models/chore.rb": [
        1,
        1,
        1,
        null,
        1,
        1,
        1,
        1,
        1,
        null,
        null,
        1,
        0,
        null,
        null,
        null
      ],
      "/Users/Maria/Dropbox/homeshare/app/models/user_home.rb": [
        1,
        1,
        1,
        null
      ],
      "/Users/Maria/Dropbox/homeshare/app/models/bill.rb": [
        1,
        1,
        1,
        1,
        1,
        1,
        null
      ],
      "/Users/Maria/Dropbox/homeshare/app/models/list.rb": [
        1,
        1,
        1,
        1,
        1,
        1,
        1,
        null,
        null
      ]
    },
    "timestamp": 1469198310
  }
}
